{"C:\\Local-Disk-E\\redux-starter\\src\\math.js": {"path":"C:\\Local-Disk-E\\redux-starter\\src\\math.js","statementMap":{"0":{"start":{"line":1,"column":22},"end":{"line":1,"column":50}},"1":{"start":{"line":1,"column":34},"end":{"line":1,"column":50}}},"fnMap":{"0":{"name":"(anonymous_0)","decl":{"start":{"line":1,"column":22},"end":{"line":1,"column":23}},"loc":{"start":{"line":1,"column":34},"end":{"line":1,"column":50}},"line":1}},"branchMap":{},"s":{"0":1,"1":2},"f":{"0":2},"b":{},"_coverageSchema":"1a1c01bbd47fc00a2c39e90264f33305004495a9","hash":"0a0c2414247b8d40cf902ccdd5f50b216a1662a9"}
,"C:\\Local-Disk-E\\redux-starter\\src\\store\\api.js": {"path":"C:\\Local-Disk-E\\redux-starter\\src\\store\\api.js","statementMap":{"0":{"start":{"line":3,"column":28},"end":{"line":3,"column":57}},"1":{"start":{"line":4,"column":30},"end":{"line":4,"column":61}},"2":{"start":{"line":5,"column":29},"end":{"line":5,"column":59}}},"fnMap":{},"branchMap":{},"s":{"0":1,"1":1,"2":1},"f":{},"b":{},"_coverageSchema":"1a1c01bbd47fc00a2c39e90264f33305004495a9","hash":"989684d3b13af17064ad49a749398ee875733612"}
,"C:\\Local-Disk-E\\redux-starter\\src\\store\\bugs.js": {"path":"C:\\Local-Disk-E\\redux-starter\\src\\store\\bugs.js","statementMap":{"0":{"start":{"line":9,"column":14},"end":{"line":44,"column":2}},"1":{"start":{"line":21,"column":6},"end":{"line":21,"column":37}},"2":{"start":{"line":24,"column":20},"end":{"line":24,"column":78}},"3":{"start":{"line":24,"column":49},"end":{"line":24,"column":77}},"4":{"start":{"line":25,"column":6},"end":{"line":25,"column":39}},"5":{"start":{"line":28,"column":36},"end":{"line":28,"column":50}},"6":{"start":{"line":29,"column":20},"end":{"line":29,"column":66}},"7":{"start":{"line":29,"column":49},"end":{"line":29,"column":65}},"8":{"start":{"line":30,"column":6},"end":{"line":30,"column":39}},"9":{"start":{"line":33,"column":6},"end":{"line":33,"column":26}},"10":{"start":{"line":36,"column":6},"end":{"line":36,"column":33}},"11":{"start":{"line":37,"column":6},"end":{"line":37,"column":27}},"12":{"start":{"line":38,"column":6},"end":{"line":38,"column":34}},"13":{"start":{"line":41,"column":6},"end":{"line":41,"column":27}},"14":{"start":{"line":53,"column":4},"end":{"line":53,"column":17}},"15":{"start":{"line":57,"column":12},"end":{"line":57,"column":19}},"16":{"start":{"line":59,"column":24},"end":{"line":73,"column":1}},"17":{"start":{"line":59,"column":30},"end":{"line":73,"column":1}},"18":{"start":{"line":61,"column":24},"end":{"line":61,"column":48}},"19":{"start":{"line":62,"column":24},"end":{"line":62,"column":67}},"20":{"start":{"line":63,"column":2},"end":{"line":63,"column":33}},"21":{"start":{"line":63,"column":26},"end":{"line":63,"column":33}},"22":{"start":{"line":65,"column":2},"end":{"line":72,"column":4}},"23":{"start":{"line":75,"column":22},"end":{"line":81,"column":4}},"24":{"start":{"line":76,"column":2},"end":{"line":81,"column":4}},"25":{"start":{"line":83,"column":26},"end":{"line":89,"column":4}},"26":{"start":{"line":84,"column":2},"end":{"line":89,"column":4}},"27":{"start":{"line":91,"column":31},"end":{"line":97,"column":4}},"28":{"start":{"line":92,"column":2},"end":{"line":97,"column":4}},"29":{"start":{"line":112,"column":33},"end":{"line":115,"column":1}},"30":{"start":{"line":113,"column":13},"end":{"line":113,"column":32}},"31":{"start":{"line":114,"column":12},"end":{"line":114,"column":47}},"32":{"start":{"line":114,"column":33},"end":{"line":114,"column":46}},"33":{"start":{"line":117,"column":29},"end":{"line":121,"column":3}},"34":{"start":{"line":118,"column":2},"end":{"line":121,"column":3}},"35":{"start":{"line":119,"column":15},"end":{"line":119,"column":34}},"36":{"start":{"line":120,"column":14},"end":{"line":120,"column":57}},"37":{"start":{"line":120,"column":35},"end":{"line":120,"column":56}}},"fnMap":{"0":{"name":"(anonymous_0)","decl":{"start":{"line":20,"column":14},"end":{"line":20,"column":15}},"loc":{"start":{"line":20,"column":32},"end":{"line":22,"column":5}},"line":20},"1":{"name":"(anonymous_1)","decl":{"start":{"line":23,"column":17},"end":{"line":23,"column":18}},"loc":{"start":{"line":23,"column":35},"end":{"line":26,"column":5}},"line":23},"2":{"name":"(anonymous_2)","decl":{"start":{"line":24,"column":40},"end":{"line":24,"column":41}},"loc":{"start":{"line":24,"column":49},"end":{"line":24,"column":77}},"line":24},"3":{"name":"(anonymous_3)","decl":{"start":{"line":27,"column":23},"end":{"line":27,"column":24}},"loc":{"start":{"line":27,"column":41},"end":{"line":31,"column":5}},"line":27},"4":{"name":"(anonymous_4)","decl":{"start":{"line":29,"column":40},"end":{"line":29,"column":41}},"loc":{"start":{"line":29,"column":49},"end":{"line":29,"column":65}},"line":29},"5":{"name":"(anonymous_5)","decl":{"start":{"line":32,"column":19},"end":{"line":32,"column":20}},"loc":{"start":{"line":32,"column":37},"end":{"line":34,"column":5}},"line":32},"6":{"name":"(anonymous_6)","decl":{"start":{"line":35,"column":18},"end":{"line":35,"column":19}},"loc":{"start":{"line":35,"column":36},"end":{"line":39,"column":5}},"line":35},"7":{"name":"(anonymous_7)","decl":{"start":{"line":40,"column":23},"end":{"line":40,"column":24}},"loc":{"start":{"line":40,"column":41},"end":{"line":42,"column":5}},"line":40},"8":{"name":"(anonymous_8)","decl":{"start":{"line":59,"column":24},"end":{"line":59,"column":25}},"loc":{"start":{"line":59,"column":30},"end":{"line":73,"column":1}},"line":59},"9":{"name":"(anonymous_9)","decl":{"start":{"line":59,"column":30},"end":{"line":59,"column":31}},"loc":{"start":{"line":59,"column":54},"end":{"line":73,"column":1}},"line":59},"10":{"name":"(anonymous_10)","decl":{"start":{"line":75,"column":22},"end":{"line":75,"column":23}},"loc":{"start":{"line":76,"column":2},"end":{"line":81,"column":4}},"line":76},"11":{"name":"(anonymous_11)","decl":{"start":{"line":83,"column":26},"end":{"line":83,"column":27}},"loc":{"start":{"line":84,"column":2},"end":{"line":89,"column":4}},"line":84},"12":{"name":"(anonymous_12)","decl":{"start":{"line":91,"column":31},"end":{"line":91,"column":32}},"loc":{"start":{"line":92,"column":2},"end":{"line":97,"column":4}},"line":92},"13":{"name":"(anonymous_13)","decl":{"start":{"line":113,"column":2},"end":{"line":113,"column":3}},"loc":{"start":{"line":113,"column":13},"end":{"line":113,"column":32}},"line":113},"14":{"name":"(anonymous_14)","decl":{"start":{"line":114,"column":2},"end":{"line":114,"column":3}},"loc":{"start":{"line":114,"column":12},"end":{"line":114,"column":47}},"line":114},"15":{"name":"(anonymous_15)","decl":{"start":{"line":114,"column":24},"end":{"line":114,"column":25}},"loc":{"start":{"line":114,"column":33},"end":{"line":114,"column":46}},"line":114},"16":{"name":"(anonymous_16)","decl":{"start":{"line":117,"column":29},"end":{"line":117,"column":30}},"loc":{"start":{"line":118,"column":2},"end":{"line":121,"column":3}},"line":118},"17":{"name":"(anonymous_17)","decl":{"start":{"line":119,"column":4},"end":{"line":119,"column":5}},"loc":{"start":{"line":119,"column":15},"end":{"line":119,"column":34}},"line":119},"18":{"name":"(anonymous_18)","decl":{"start":{"line":120,"column":4},"end":{"line":120,"column":5}},"loc":{"start":{"line":120,"column":14},"end":{"line":120,"column":57}},"line":120},"19":{"name":"(anonymous_19)","decl":{"start":{"line":120,"column":26},"end":{"line":120,"column":27}},"loc":{"start":{"line":120,"column":35},"end":{"line":120,"column":56}},"line":120}},"branchMap":{"0":{"loc":{"start":{"line":63,"column":2},"end":{"line":63,"column":33}},"type":"if","locations":[{"start":{"line":63,"column":2},"end":{"line":63,"column":33}},{"start":{"line":63,"column":2},"end":{"line":63,"column":33}}],"line":63}},"s":{"0":1,"1":1,"2":0,"3":0,"4":0,"5":0,"6":0,"7":0,"8":0,"9":0,"10":0,"11":0,"12":0,"13":0,"14":1,"15":1,"16":1,"17":0,"18":0,"19":0,"20":0,"21":0,"22":0,"23":1,"24":2,"25":1,"26":0,"27":1,"28":0,"29":1,"30":0,"31":0,"32":0,"33":1,"34":0,"35":0,"36":0,"37":0},"f":{"0":1,"1":0,"2":0,"3":0,"4":0,"5":0,"6":0,"7":0,"8":0,"9":0,"10":2,"11":0,"12":0,"13":0,"14":0,"15":0,"16":0,"17":0,"18":0,"19":0},"b":{"0":[0,0]},"_coverageSchema":"1a1c01bbd47fc00a2c39e90264f33305004495a9","hash":"91022dd5aca025b733e7e789314e4aedda2cfa71"}
,"C:\\Local-Disk-E\\redux-starter\\src\\store\\configureStore.js": {"path":"C:\\Local-Disk-E\\redux-starter\\src\\store\\configureStore.js","statementMap":{"0":{"start":{"line":12,"column":2},"end":{"line":20,"column":5}}},"fnMap":{"0":{"name":"(anonymous_0)","decl":{"start":{"line":11,"column":15},"end":{"line":11,"column":16}},"loc":{"start":{"line":11,"column":27},"end":{"line":21,"column":1}},"line":11}},"branchMap":{},"s":{"0":2},"f":{"0":2},"b":{},"_coverageSchema":"1a1c01bbd47fc00a2c39e90264f33305004495a9","hash":"114cbe033049ffa03e392170addc5feff73a17b8"}
,"C:\\Local-Disk-E\\redux-starter\\src\\store\\entities.js": {"path":"C:\\Local-Disk-E\\redux-starter\\src\\store\\entities.js","statementMap":{},"fnMap":{},"branchMap":{},"s":{},"f":{},"b":{},"_coverageSchema":"1a1c01bbd47fc00a2c39e90264f33305004495a9","hash":"58d10ee718df535e46573f3264998cf6cb551a19"}
,"C:\\Local-Disk-E\\redux-starter\\src\\store\\projects.js": {"path":"C:\\Local-Disk-E\\redux-starter\\src\\store\\projects.js","statementMap":{"0":{"start":{"line":3,"column":20},"end":{"line":3,"column":21}},"1":{"start":{"line":5,"column":14},"end":{"line":16,"column":2}},"2":{"start":{"line":10,"column":6},"end":{"line":13,"column":9}},"3":{"start":{"line":18,"column":32},"end":{"line":18,"column":45}}},"fnMap":{"0":{"name":"(anonymous_0)","decl":{"start":{"line":9,"column":18},"end":{"line":9,"column":19}},"loc":{"start":{"line":9,"column":40},"end":{"line":14,"column":5}},"line":9}},"branchMap":{},"s":{"0":1,"1":1,"2":0,"3":1},"f":{"0":0},"b":{},"_coverageSchema":"1a1c01bbd47fc00a2c39e90264f33305004495a9","hash":"8a4d972b6adc65a3b8819ecbed7c42a525d954b0"}
,"C:\\Local-Disk-E\\redux-starter\\src\\store\\reducer.js": {"path":"C:\\Local-Disk-E\\redux-starter\\src\\store\\reducer.js","statementMap":{},"fnMap":{},"branchMap":{},"s":{},"f":{},"b":{},"_coverageSchema":"1a1c01bbd47fc00a2c39e90264f33305004495a9","hash":"c132cae71f87ec0abcdf66e4aed66e722fe4520d"}
,"C:\\Local-Disk-E\\redux-starter\\src\\store\\users.js": {"path":"C:\\Local-Disk-E\\redux-starter\\src\\store\\users.js","statementMap":{"0":{"start":{"line":3,"column":17},"end":{"line":3,"column":18}},"1":{"start":{"line":5,"column":14},"end":{"line":16,"column":2}},"2":{"start":{"line":10,"column":6},"end":{"line":13,"column":9}},"3":{"start":{"line":18,"column":29},"end":{"line":18,"column":42}}},"fnMap":{"0":{"name":"(anonymous_0)","decl":{"start":{"line":9,"column":15},"end":{"line":9,"column":16}},"loc":{"start":{"line":9,"column":34},"end":{"line":14,"column":5}},"line":9}},"branchMap":{},"s":{"0":1,"1":1,"2":0,"3":1},"f":{"0":0},"b":{},"_coverageSchema":"1a1c01bbd47fc00a2c39e90264f33305004495a9","hash":"df4bb07abacce4d1802ec874d98b06bcfbd06455"}
,"C:\\Local-Disk-E\\redux-starter\\src\\store\\middleware\\api.js": {"path":"C:\\Local-Disk-E\\redux-starter\\src\\store\\middleware\\api.js","statementMap":{"0":{"start":{"line":5,"column":2},"end":{"line":31,"column":3}},"1":{"start":{"line":6,"column":2},"end":{"line":31,"column":3}},"2":{"start":{"line":7,"column":2},"end":{"line":31,"column":3}},"3":{"start":{"line":8,"column":4},"end":{"line":8,"column":71}},"4":{"start":{"line":8,"column":51},"end":{"line":8,"column":71}},"5":{"start":{"line":10,"column":63},"end":{"line":10,"column":77}},"6":{"start":{"line":11,"column":4},"end":{"line":11,"column":45}},"7":{"start":{"line":11,"column":17},"end":{"line":11,"column":45}},"8":{"start":{"line":12,"column":4},"end":{"line":12,"column":17}},"9":{"start":{"line":14,"column":4},"end":{"line":30,"column":5}},"10":{"start":{"line":15,"column":23},"end":{"line":20,"column":8}},"11":{"start":{"line":22,"column":6},"end":{"line":22,"column":54}},"12":{"start":{"line":24,"column":6},"end":{"line":24,"column":75}},"13":{"start":{"line":24,"column":21},"end":{"line":24,"column":75}},"14":{"start":{"line":27,"column":6},"end":{"line":27,"column":53}},"15":{"start":{"line":29,"column":6},"end":{"line":29,"column":71}},"16":{"start":{"line":29,"column":19},"end":{"line":29,"column":71}}},"fnMap":{"0":{"name":"(anonymous_0)","decl":{"start":{"line":5,"column":2},"end":{"line":5,"column":3}},"loc":{"start":{"line":6,"column":2},"end":{"line":31,"column":3}},"line":6},"1":{"name":"(anonymous_1)","decl":{"start":{"line":6,"column":2},"end":{"line":6,"column":3}},"loc":{"start":{"line":7,"column":2},"end":{"line":31,"column":3}},"line":7},"2":{"name":"(anonymous_2)","decl":{"start":{"line":7,"column":2},"end":{"line":7,"column":3}},"loc":{"start":{"line":7,"column":20},"end":{"line":31,"column":3}},"line":7}},"branchMap":{"0":{"loc":{"start":{"line":8,"column":4},"end":{"line":8,"column":71}},"type":"if","locations":[{"start":{"line":8,"column":4},"end":{"line":8,"column":71}},{"start":{"line":8,"column":4},"end":{"line":8,"column":71}}],"line":8},"1":{"loc":{"start":{"line":11,"column":4},"end":{"line":11,"column":45}},"type":"if","locations":[{"start":{"line":11,"column":4},"end":{"line":11,"column":45}},{"start":{"line":11,"column":4},"end":{"line":11,"column":45}}],"line":11},"2":{"loc":{"start":{"line":24,"column":6},"end":{"line":24,"column":75}},"type":"if","locations":[{"start":{"line":24,"column":6},"end":{"line":24,"column":75}},{"start":{"line":24,"column":6},"end":{"line":24,"column":75}}],"line":24},"3":{"loc":{"start":{"line":29,"column":6},"end":{"line":29,"column":71}},"type":"if","locations":[{"start":{"line":29,"column":6},"end":{"line":29,"column":71}},{"start":{"line":29,"column":6},"end":{"line":29,"column":71}}],"line":29}},"s":{"0":1,"1":2,"2":2,"3":5,"4":3,"5":2,"6":2,"7":0,"8":2,"9":2,"10":2,"11":1,"12":1,"13":1,"14":1,"15":1,"16":0},"f":{"0":2,"1":2,"2":5},"b":{"0":[3,2],"1":[0,2],"2":[1,0],"3":[0,1]},"_coverageSchema":"1a1c01bbd47fc00a2c39e90264f33305004495a9","hash":"2789bdc9d7c50b310dce762e4783da119523e47a"}
,"C:\\Local-Disk-E\\redux-starter\\src\\store\\middleware\\errorCatch.js": {"path":"C:\\Local-Disk-E\\redux-starter\\src\\store\\middleware\\errorCatch.js","statementMap":{"0":{"start":{"line":1,"column":19},"end":{"line":7,"column":1}},"1":{"start":{"line":1,"column":30},"end":{"line":7,"column":1}},"2":{"start":{"line":1,"column":40},"end":{"line":7,"column":1}},"3":{"start":{"line":2,"column":2},"end":{"line":6,"column":3}},"4":{"start":{"line":3,"column":4},"end":{"line":3,"column":53}},"5":{"start":{"line":5,"column":4},"end":{"line":5,"column":24}}},"fnMap":{"0":{"name":"(anonymous_0)","decl":{"start":{"line":1,"column":19},"end":{"line":1,"column":20}},"loc":{"start":{"line":1,"column":30},"end":{"line":7,"column":1}},"line":1},"1":{"name":"(anonymous_1)","decl":{"start":{"line":1,"column":30},"end":{"line":1,"column":31}},"loc":{"start":{"line":1,"column":40},"end":{"line":7,"column":1}},"line":1},"2":{"name":"(anonymous_2)","decl":{"start":{"line":1,"column":40},"end":{"line":1,"column":41}},"loc":{"start":{"line":1,"column":52},"end":{"line":7,"column":1}},"line":1}},"branchMap":{"0":{"loc":{"start":{"line":2,"column":2},"end":{"line":6,"column":3}},"type":"if","locations":[{"start":{"line":2,"column":2},"end":{"line":6,"column":3}},{"start":{"line":2,"column":2},"end":{"line":6,"column":3}}],"line":2}},"s":{"0":1,"1":2,"2":2,"3":5,"4":0,"5":5},"f":{"0":2,"1":2,"2":5},"b":{"0":[0,5]},"_coverageSchema":"1a1c01bbd47fc00a2c39e90264f33305004495a9","hash":"ebd09751fe6daa97a4ab8bc4144bac4a5ce8c9ef"}
,"C:\\Local-Disk-E\\redux-starter\\src\\store\\middleware\\logger.js": {"path":"C:\\Local-Disk-E\\redux-starter\\src\\store\\middleware\\logger.js","statementMap":{"0":{"start":{"line":7,"column":15},"end":{"line":13,"column":1}},"1":{"start":{"line":7,"column":26},"end":{"line":13,"column":1}},"2":{"start":{"line":7,"column":37},"end":{"line":13,"column":1}},"3":{"start":{"line":7,"column":47},"end":{"line":13,"column":1}},"4":{"start":{"line":8,"column":2},"end":{"line":8,"column":32}},"5":{"start":{"line":12,"column":2},"end":{"line":12,"column":22}}},"fnMap":{"0":{"name":"(anonymous_0)","decl":{"start":{"line":7,"column":15},"end":{"line":7,"column":16}},"loc":{"start":{"line":7,"column":26},"end":{"line":13,"column":1}},"line":7},"1":{"name":"(anonymous_1)","decl":{"start":{"line":7,"column":26},"end":{"line":7,"column":27}},"loc":{"start":{"line":7,"column":37},"end":{"line":13,"column":1}},"line":7},"2":{"name":"(anonymous_2)","decl":{"start":{"line":7,"column":37},"end":{"line":7,"column":38}},"loc":{"start":{"line":7,"column":47},"end":{"line":13,"column":1}},"line":7},"3":{"name":"(anonymous_3)","decl":{"start":{"line":7,"column":47},"end":{"line":7,"column":48}},"loc":{"start":{"line":7,"column":59},"end":{"line":13,"column":1}},"line":7}},"branchMap":{},"s":{"0":1,"1":2,"2":2,"3":2,"4":5,"5":5},"f":{"0":2,"1":2,"2":2,"3":5},"b":{},"_coverageSchema":"1a1c01bbd47fc00a2c39e90264f33305004495a9","hash":"b7dfab59cbffd60382eb36c33773a7df3baec875"}
}
