TN:
SF:src\math.js
FN:1,(anonymous_0)
FNF:1
FNH:1
FNDA:2,(anonymous_0)
DA:1,2
LF:1
LH:1
BRF:0
BRH:0
end_of_record
TN:
SF:src\store\api.js
FNF:0
FNH:0
DA:3,1
DA:4,1
DA:5,1
LF:3
LH:3
BRF:0
BRH:0
end_of_record
TN:
SF:src\store\bugs.js
FN:20,(anonymous_0)
FN:23,(anonymous_1)
FN:24,(anonymous_2)
FN:27,(anonymous_3)
FN:29,(anonymous_4)
FN:32,(anonymous_5)
FN:35,(anonymous_6)
FN:40,(anonymous_7)
FN:59,(anonymous_8)
FN:59,(anonymous_9)
FN:75,(anonymous_10)
FN:83,(anonymous_11)
FN:91,(anonymous_12)
FN:113,(anonymous_13)
FN:114,(anonymous_14)
FN:114,(anonymous_15)
FN:117,(anonymous_16)
FN:119,(anonymous_17)
FN:120,(anonymous_18)
FN:120,(anonymous_19)
FNF:20
FNH:20
FNDA:4,(anonymous_0)
FNDA:1,(anonymous_1)
FNDA:1,(anonymous_2)
FNDA:1,(anonymous_3)
FNDA:1,(anonymous_4)
FNDA:5,(anonymous_5)
FNDA:4,(anonymous_6)
FNDA:1,(anonymous_7)
FNDA:6,(anonymous_8)
FNDA:6,(anonymous_9)
FNDA:5,(anonymous_10)
FNDA:2,(anonymous_11)
FNDA:1,(anonymous_12)
FNDA:1,(anonymous_13)
FNDA:1,(anonymous_14)
FNDA:3,(anonymous_15)
FNDA:1,(anonymous_16)
FNDA:1,(anonymous_17)
FNDA:1,(anonymous_18)
FNDA:3,(anonymous_19)
DA:9,1
DA:21,4
DA:24,1
DA:25,1
DA:28,1
DA:29,1
DA:30,1
DA:33,5
DA:36,4
DA:37,4
DA:38,4
DA:41,1
DA:53,1
DA:57,1
DA:59,6
DA:61,6
DA:62,6
DA:63,6
DA:65,5
DA:75,1
DA:76,5
DA:83,1
DA:84,2
DA:91,1
DA:92,1
DA:112,1
DA:113,1
DA:114,3
DA:117,1
DA:118,1
DA:119,1
DA:120,3
LF:32
LH:32
BRDA:63,0,0,1
BRDA:63,0,1,5
BRF:2
BRH:2
end_of_record
TN:
SF:src\store\configureStore.js
FN:11,(anonymous_0)
FNF:1
FNH:1
FNDA:12,(anonymous_0)
DA:12,12
LF:1
LH:1
BRF:0
BRH:0
end_of_record
TN:
SF:src\store\entities.js
FNF:0
FNH:0
LF:0
LH:0
BRF:0
BRH:0
end_of_record
TN:
SF:src\store\projects.js
FN:9,(anonymous_0)
FNF:1
FNH:0
FNDA:0,(anonymous_0)
DA:3,1
DA:5,1
DA:10,0
DA:18,1
LF:4
LH:3
BRF:0
BRH:0
end_of_record
TN:
SF:src\store\reducer.js
FNF:0
FNH:0
LF:0
LH:0
BRF:0
BRH:0
end_of_record
TN:
SF:src\store\users.js
FN:9,(anonymous_0)
FNF:1
FNH:0
FNDA:0,(anonymous_0)
DA:3,1
DA:5,1
DA:10,0
DA:18,1
LF:4
LH:3
BRF:0
BRH:0
end_of_record
TN:
SF:src\store\middleware\api.js
FN:5,(anonymous_0)
FN:6,(anonymous_1)
FN:7,(anonymous_2)
FNF:3
FNH:3
FNDA:12,(anonymous_0)
FNDA:12,(anonymous_1)
FNDA:42,(anonymous_2)
DA:5,1
DA:6,12
DA:7,12
DA:8,42
DA:10,13
DA:11,13
DA:12,13
DA:14,13
DA:15,13
DA:22,10
DA:24,10
DA:27,3
DA:29,3
LF:13
LH:13
BRDA:8,0,0,29
BRDA:8,0,1,13
BRDA:11,1,0,5
BRDA:11,1,1,8
BRDA:24,2,0,10
BRDA:24,2,1,0
BRDA:29,3,0,1
BRDA:29,3,1,2
BRF:8
BRH:7
end_of_record
TN:
SF:src\store\middleware\errorCatch.js
FN:1,(anonymous_0)
FN:1,(anonymous_1)
FN:1,(anonymous_2)
FNF:3
FNH:3
FNDA:12,(anonymous_0)
FNDA:12,(anonymous_1)
FNDA:42,(anonymous_2)
DA:1,12
DA:2,42
DA:3,0
DA:5,42
LF:4
LH:3
BRDA:2,0,0,0
BRDA:2,0,1,42
BRF:2
BRH:1
end_of_record
TN:
SF:src\store\middleware\logger.js
FN:7,(anonymous_0)
FN:7,(anonymous_1)
FN:7,(anonymous_2)
FN:7,(anonymous_3)
FNF:4
FNH:0
FNDA:0,(anonymous_0)
FNDA:0,(anonymous_1)
FNDA:0,(anonymous_2)
FNDA:0,(anonymous_3)
DA:7,1
DA:8,0
DA:12,0
LF:3
LH:1
BRF:0
BRH:0
end_of_record
